This is pdfTeX, Version 3.141592653-2.6-1.40.26 (TeX Live 2024) (preloaded format=pdflatex 2024.6.27)  27 JUN 2024 12:46
entering extended mode
 restricted \write18 enabled.
 file:line:error style messages enabled.
 %&-line parsing enabled.
**/Users/anak10thn/Documents/BOOK/buku-keamanan-informasi/keamanan.tex
(/Users/anak10thn/Documents/BOOK/buku-keamanan-informasi/keamanan.tex
LaTeX2e <2023-11-01> patch level 1
L3 programming layer <2024-02-20>
(./tufte-book.cls
Document Class: tufte-book 2009/12/11 v3.5.0 Tufte-book class
(./tufte-common.def
File: tufte-common.def 2015/06/21 v3.5.2 Common code for the Tufte-LaTeX styles
 (/usr/local/texlive/2024/texmf-dist/tex/latex/xkeyval/xkeyval.sty
Package: xkeyval 2022/06/16 v2.9 package option processing (HA)
 (/usr/local/texlive/2024/texmf-dist/tex/generic/xkeyval/xkeyval.tex (/usr/local/texlive/2024/texmf-dist/tex/generic/xkeyval/xkvutils.tex
\XKV@toks=\toks17
\XKV@tempa@toks=\toks18
 (/usr/local/texlive/2024/texmf-dist/tex/generic/xkeyval/keyval.tex))
\XKV@depth=\count188
File: xkeyval.tex 2014/12/03 v2.7a key=value parser (HA)
)) (/usr/local/texlive/2024/texmf-dist/tex/latex/xifthen/xifthen.sty
Package: xifthen 2015/11/05 v1.4.0 Extended ifthen features
 (/usr/local/texlive/2024/texmf-dist/tex/latex/tools/calc.sty
Package: calc 2023/07/08 v4.3 Infix arithmetic (KKT,FJ)
\calc@Acount=\count189
\calc@Bcount=\count190
\calc@Adimen=\dimen140
\calc@Bdimen=\dimen141
\calc@Askip=\skip48
\calc@Bskip=\skip49
LaTeX Info: Redefining \setlength on input line 80.
LaTeX Info: Redefining \addtolength on input line 81.
\calc@Ccount=\count191
\calc@Cskip=\skip50
) (/usr/local/texlive/2024/texmf-dist/tex/latex/base/ifthen.sty
Package: ifthen 2022/04/13 v1.1d Standard LaTeX ifthen package (DPC)
) (/usr/local/texlive/2024/texmf-dist/tex/latex/ifmtarg/ifmtarg.sty
Package: ifmtarg 2018/04/16 v1.2b check for an empty argument
)) (/usr/local/texlive/2024/texmf-dist/tex/latex/hardwrap/hardwrap.sty
Package: hardwrap 2011/02/12 v0.2 Hard wrap messages
 (/usr/local/texlive/2024/texmf-dist/tex/latex/ifplatform/ifplatform.sty
Package: ifplatform 2017/10/13 v0.4a Testing for the operating system
 (/usr/local/texlive/2024/texmf-dist/tex/latex/tools/shellesc.sty
Package: shellesc 2023/07/08 v1.0d unified shell escape interface for LaTeX
Package shellesc Info: Restricted shell escape enabled on input line 77.
) (/usr/local/texlive/2024/texmf-dist/tex/generic/pdftexcmds/pdftexcmds.sty
Package: pdftexcmds 2020-06-27 v0.33 Utility functions of pdfTeX for LuaTeX (HO)
 (/usr/local/texlive/2024/texmf-dist/tex/generic/infwarerr/infwarerr.sty
Package: infwarerr 2019/12/03 v1.5 Providing info/warning/error messages (HO)
) (/usr/local/texlive/2024/texmf-dist/tex/generic/iftex/iftex.sty
Package: iftex 2022/02/03 v1.0f TeX engine tests
) (/usr/local/texlive/2024/texmf-dist/tex/generic/ltxcmds/ltxcmds.sty
Package: ltxcmds 2023-12-04 v1.26 LaTeX kernel commands for general use (HO)
)
Package pdftexcmds Info: \pdf@primitive is available.
Package pdftexcmds Info: \pdf@ifprimitive is available.
Package pdftexcmds Info: \pdfdraftmode found.
) (/usr/local/texlive/2024/texmf-dist/tex/generic/catchfile/catchfile.sty
Package: catchfile 2019/12/09 v1.8 Catch the contents of a file (HO)
 (/usr/local/texlive/2024/texmf-dist/tex/generic/etexcmds/etexcmds.sty
Package: etexcmds 2019/12/15 v1.7 Avoid name clashes with e-TeX commands (HO)
)) (/usr/local/texlive/2024/texmf-dist/tex/generic/iftex/ifluatex.sty
Package: ifluatex 2019/10/25 v1.5 ifluatex legacy package. Use iftex instead.
)

Package ifplatform Warning: 
    shell escape is disabled, so I can only detect \ifwindows.

) (/usr/local/texlive/2024/texmf-dist/tex/generic/iftex/ifxetex.sty
Package: ifxetex 2019/10/25 v0.7 ifxetex legacy package. Use iftex instead.
)
\hw@charcount=\count192
\hw@wordcount=\count193
\hw@maxprintline=\count194
 (|kpsewhich -var-value=max_print_line))
Class tufte-book Info: Loading the base class `book'
 (/usr/local/texlive/2024/texmf-dist/tex/latex/base/book.cls
Document Class: book 2023/05/17 v1.4n Standard LaTeX document class
(/usr/local/texlive/2024/texmf-dist/tex/latex/base/bk10.clo
File: bk10.clo 2023/05/17 v1.4n Standard LaTeX file (size option)
)
\c@part=\count195
\c@chapter=\count196
\c@section=\count197
\c@subsection=\count198
\c@subsubsection=\count199
\c@paragraph=\count266
\c@subparagraph=\count267
\c@figure=\count268
\c@table=\count269
\abovecaptionskip=\skip51
\belowcaptionskip=\skip52
\bibindent=\dimen142
) (/usr/local/texlive/2024/texmf-dist/tex/generic/iftex/ifpdf.sty
Package: ifpdf 2019/10/25 v3.4 ifpdf legacy package. Use iftex instead.
) (/usr/local/texlive/2024/texmf-dist/tex/latex/titlesec/titlesec.sty
Package: titlesec 2023/10/27 v2.16 Sectioning titles
\ttl@box=\box51
\beforetitleunit=\skip53
\aftertitleunit=\skip54
\ttl@plus=\dimen143
\ttl@minus=\dimen144
\ttl@toksa=\toks19
\titlewidth=\dimen145
\titlewidthlast=\dimen146
\titlewidthfirst=\dimen147
) (/usr/local/texlive/2024/texmf-dist/tex/latex/titlesec/titletoc.sty
Package: titletoc 2023/10/27 v2.16 TOC entries
\ttl@leftsep=\dimen148
) (/usr/local/texlive/2024/texmf-dist/tex/latex/hyperref/hyperref.sty
Package: hyperref 2024-01-20 v7.01h Hypertext links for LaTeX
 (/usr/local/texlive/2024/texmf-dist/tex/latex/kvsetkeys/kvsetkeys.sty
Package: kvsetkeys 2022-10-05 v1.19 Key value parser (HO)
) (/usr/local/texlive/2024/texmf-dist/tex/generic/kvdefinekeys/kvdefinekeys.sty
Package: kvdefinekeys 2019-12-19 v1.6 Define keys (HO)
) (/usr/local/texlive/2024/texmf-dist/tex/generic/pdfescape/pdfescape.sty
Package: pdfescape 2019/12/09 v1.15 Implements pdfTeX's escape features (HO)
) (/usr/local/texlive/2024/texmf-dist/tex/latex/hycolor/hycolor.sty
Package: hycolor 2020-01-27 v1.10 Color options for hyperref/bookmark (HO)
) (/usr/local/texlive/2024/texmf-dist/tex/latex/auxhook/auxhook.sty
Package: auxhook 2019-12-17 v1.6 Hooks for auxiliary files (HO)
) (/usr/local/texlive/2024/texmf-dist/tex/latex/hyperref/nameref.sty
Package: nameref 2023-11-26 v2.56 Cross-referencing by name of section
 (/usr/local/texlive/2024/texmf-dist/tex/latex/refcount/refcount.sty
Package: refcount 2019/12/15 v3.6 Data extraction from label references (HO)
) (/usr/local/texlive/2024/texmf-dist/tex/generic/gettitlestring/gettitlestring.sty
Package: gettitlestring 2019/12/15 v1.6 Cleanup title references (HO)
 (/usr/local/texlive/2024/texmf-dist/tex/latex/kvoptions/kvoptions.sty
Package: kvoptions 2022-06-15 v3.15 Key value format for package options (HO)
))
\c@section@level=\count270
) (/usr/local/texlive/2024/texmf-dist/tex/latex/etoolbox/etoolbox.sty
Package: etoolbox 2020/10/05 v2.5k e-TeX tools for LaTeX (JAW)
\etb@tempcnta=\count271
)
\@linkdim=\dimen149
\Hy@linkcounter=\count272
\Hy@pagecounter=\count273
 (/usr/local/texlive/2024/texmf-dist/tex/latex/hyperref/pd1enc.def
File: pd1enc.def 2024-01-20 v7.01h Hyperref: PDFDocEncoding definition (HO)
Now handling font encoding PD1 ...
... no UTF-8 mapping file for font encoding PD1
) (/usr/local/texlive/2024/texmf-dist/tex/generic/intcalc/intcalc.sty
Package: intcalc 2019/12/15 v1.3 Expandable calculations with integers (HO)
)
\Hy@SavedSpaceFactor=\count274
 (/usr/local/texlive/2024/texmf-dist/tex/latex/hyperref/puenc.def
File: puenc.def 2024-01-20 v7.01h Hyperref: PDF Unicode definition (HO)
Now handling font encoding PU ...
... no UTF-8 mapping file for font encoding PU
)
Package hyperref Info: Option `unicode' set `true' on input line 4062.
Package hyperref Info: Option `hyperfootnotes' set `false' on input line 4062.
Package hyperref Info: Hyper figures OFF on input line 4179.
Package hyperref Info: Link nesting OFF on input line 4184.
Package hyperref Info: Hyper index ON on input line 4187.
Package hyperref Info: Plain pages OFF on input line 4194.
Package hyperref Info: Backreferencing OFF on input line 4199.
Package hyperref Info: Implicit mode ON; LaTeX internals redefined.
Package hyperref Info: Bookmarks ON on input line 4446.
\c@Hy@tempcnt=\count275
 (/usr/local/texlive/2024/texmf-dist/tex/latex/url/url.sty
\Urlmuskip=\muskip16
Package: url 2013/09/16  ver 3.4  Verb mode for urls, etc.
)
LaTeX Info: Redefining \url on input line 4784.
\XeTeXLinkMargin=\dimen150
 (/usr/local/texlive/2024/texmf-dist/tex/generic/bitset/bitset.sty
Package: bitset 2019/12/09 v1.3 Handle bit-vector datatype (HO)
 (/usr/local/texlive/2024/texmf-dist/tex/generic/bigintcalc/bigintcalc.sty
Package: bigintcalc 2019/12/15 v1.5 Expandable calculations on big integers (HO)
))
\Fld@menulength=\count276
\Field@Width=\dimen151
\Fld@charsize=\dimen152
Package hyperref Info: Hyper figures OFF on input line 6063.
Package hyperref Info: Link nesting OFF on input line 6068.
Package hyperref Info: Hyper index ON on input line 6071.
Package hyperref Info: backreferencing OFF on input line 6078.
Package hyperref Info: Link coloring OFF on input line 6083.
Package hyperref Info: Link coloring with OCG OFF on input line 6088.
Package hyperref Info: PDF/A mode OFF on input line 6093.
 (/usr/local/texlive/2024/texmf-dist/tex/latex/base/atbegshi-ltx.sty
Package: atbegshi-ltx 2021/01/10 v1.0c Emulation of the original atbegshi
package with kernel methods
)
\Hy@abspage=\count277
\c@Item=\count278
)
Package hyperref Info: Driver (autodetected): hpdftex.
 (/usr/local/texlive/2024/texmf-dist/tex/latex/hyperref/hpdftex.def
File: hpdftex.def 2024-01-20 v7.01h Hyperref driver for pdfTeX
 (/usr/local/texlive/2024/texmf-dist/tex/latex/base/atveryend-ltx.sty
Package: atveryend-ltx 2020/08/19 v1.0a Emulation of the original atveryend package
with kernel methods
)
\Fld@listcount=\count279
\c@bookmark@seq@number=\count280
 (/usr/local/texlive/2024/texmf-dist/tex/latex/rerunfilecheck/rerunfilecheck.sty
Package: rerunfilecheck 2022-07-10 v1.10 Rerun checks for auxiliary files (HO)
 (/usr/local/texlive/2024/texmf-dist/tex/generic/uniquecounter/uniquecounter.sty
Package: uniquecounter 2019/12/15 v1.4 Provide unlimited unique counter (HO)
)
Package uniquecounter Info: New unique counter `rerunfilecheck' on input line 285.
)
\Hy@SectionHShift=\skip55
) (/usr/local/texlive/2024/texmf-dist/tex/latex/ragged2e/ragged2e.sty
Package: ragged2e 2023/06/22 v3.6 ragged2e Package
\CenteringLeftskip=\skip56
\RaggedLeftLeftskip=\skip57
\RaggedRightLeftskip=\skip58
\CenteringRightskip=\skip59
\RaggedLeftRightskip=\skip60
\RaggedRightRightskip=\skip61
\CenteringParfillskip=\skip62
\RaggedLeftParfillskip=\skip63
\RaggedRightParfillskip=\skip64
\JustifyingParfillskip=\skip65
\CenteringParindent=\skip66
\RaggedLeftParindent=\skip67
\RaggedRightParindent=\skip68
\JustifyingParindent=\skip69
) (/usr/local/texlive/2024/texmf-dist/tex/latex/geometry/geometry.sty
Package: geometry 2020/01/02 v5.9 Page Geometry
 (/usr/local/texlive/2024/texmf-dist/tex/generic/iftex/ifvtex.sty
Package: ifvtex 2019/10/25 v1.7 ifvtex legacy package. Use iftex instead.
)
\Gm@cnth=\count281
\Gm@cntv=\count282
\c@Gm@tempcnt=\count283
\Gm@bindingoffset=\dimen153
\Gm@wd@mp=\dimen154
\Gm@odd@mp=\dimen155
\Gm@even@mp=\dimen156
\Gm@layoutwidth=\dimen157
\Gm@layoutheight=\dimen158
\Gm@layouthoffset=\dimen159
\Gm@layoutvoffset=\dimen160
\Gm@dimlist=\toks20
) (/usr/local/texlive/2024/texmf-dist/tex/latex/changepage/changepage.sty
Package: changepage 2009/10/20 v1.0c check page and change page layout
\c@cp@cntr=\count284
\cp@tempcnt=\count285
)
\@tufte@overhang=\skip70
\@tufte@fullwidth=\skip71
\@tufte@caption@fill=\skip72
 (/usr/local/texlive/2024/texmf-dist/tex/latex/paralist/paralist.sty
Package: paralist 2017/01/22 v2.7 Extended list environments
\pltopsep=\skip73
\plpartopsep=\skip74
\plitemsep=\skip75
\plparsep=\skip76
\pl@lab=\toks21
) (/usr/local/texlive/2024/texmf-dist/tex/latex/textcase/textcase.sty
Package: textcase 2023/07/27 v1.04 Text only upper/lower case changing (DPC)
Package textcase Info: Defining Legacy names on input line 20.
) (/usr/local/texlive/2024/texmf-dist/tex/latex/microtype/letterspace.sty
Package: letterspace 2023/03/13 v3.1a Robust letterspacing (RS)
LaTeX Info: Redefining \lsstyle on input line 340.
LaTeX Info: Redefining \lslig on input line 341.
LaTeX Info: Redefining \textls on input line 369.
\MT@outer@kern=\dimen161
) (/usr/local/texlive/2024/texmf-dist/tex/latex/setspace/setspace.sty
Package: setspace 2022/12/04 v6.7b set line spacing
) (/usr/local/texlive/2024/texmf-dist/tex/latex/xcolor/xcolor.sty
Package: xcolor 2023/11/15 v3.01 LaTeX color extensions (UK)
 (/usr/local/texlive/2024/texmf-dist/tex/latex/graphics-cfg/color.cfg
File: color.cfg 2016/01/02 v1.6 sample color configuration
)
Package xcolor Info: Driver file: pdftex.def on input line 274.
 (/usr/local/texlive/2024/texmf-dist/tex/latex/graphics-def/pdftex.def
File: pdftex.def 2022/09/22 v1.2b Graphics/color driver for pdftex
) (/usr/local/texlive/2024/texmf-dist/tex/latex/graphics/mathcolor.ltx)
Package xcolor Info: Model `cmy' substituted by `cmy0' on input line 1350.
Package xcolor Info: Model `hsb' substituted by `rgb' on input line 1354.
Package xcolor Info: Model `RGB' extended on input line 1366.
Package xcolor Info: Model `HTML' substituted by `rgb' on input line 1368.
Package xcolor Info: Model `Hsb' substituted by `hsb' on input line 1369.
Package xcolor Info: Model `tHsb' substituted by `hsb' on input line 1370.
Package xcolor Info: Model `HSB' substituted by `hsb' on input line 1371.
Package xcolor Info: Model `Gray' substituted by `gray' on input line 1372.
Package xcolor Info: Model `wave' substituted by `hsb' on input line 1373.
) (/usr/local/texlive/2024/texmf-dist/tex/latex/graphics/dvipsnam.def
File: dvipsnam.def 2016/06/17 v3.0m Driver-dependent file (DPC,SPQR)
) (/usr/local/texlive/2024/texmf-dist/tex/latex/xcolor/svgnam.def
File: svgnam.def 2023/11/15 v3.01 Predefined colors according to SVG 1.1 (UK)
) (/usr/local/texlive/2024/texmf-dist/tex/latex/natbib/natbib.sty
Package: natbib 2010/09/13 8.31b (PWD, AO)
\bibhang=\skip77
\bibsep=\skip78
LaTeX Info: Redefining \cite on input line 694.
\c@NAT@ctr=\count286
) (/usr/local/texlive/2024/texmf-dist/tex/latex/natbib/bibentry.sty
Package: bibentry 2007/10/30 1.5 (PWD)
) (./keamanan.bbl)
\c@@tufte@num@bibkeys=\count287
 (/usr/local/texlive/2024/texmf-dist/tex/latex/sauerj/optparams.sty
Package: optparams 2004/08/14 v0.9 multiple optional parameters in macros
)
\@tufte@sidenote@vertical@offset=\skip79
 (/usr/local/texlive/2024/texmf-dist/tex/latex/placeins/placeins.sty
Package: placeins 2005/04/18  v 2.2
)
\@tufte@margin@floatbox=\box52
\@tufte@figure@box=\box53
\@tufte@caption@box=\box54
\@tufte@caption@vertical@offset=\skip80
\@tufte@float@contents@width=\skip81
 (/usr/local/texlive/2024/texmf-dist/tex/latex/psnfss/mathpazo.sty
Package: mathpazo 2020/03/25 PSNFSS-v9.3 Palatino w/ Pazo Math (D.Puga, WaS) 
\symupright=\mathgroup4
) (/usr/local/texlive/2024/texmf-dist/tex/latex/psnfss/helvet.sty
Package: helvet 2020/03/25 PSNFSS-v9.3 (WaS) 
) (/usr/local/texlive/2024/texmf-dist/tex/latex/bera/beramono.sty
Package: beramono 2004/01/31 (WaS)
) (/usr/local/texlive/2024/texmf-dist/tex/latex/base/fontenc.sty
Package: fontenc 2021/04/29 v2.0v Standard LaTeX package
LaTeX Font Info:    Trying to load font information for T1+pplj on input line 112.
 (/usr/local/texlive/2024/texmf-dist/tex/latex/psnfss/t1pplj.fd
File: t1pplj.fd 2004/09/06 font definitions for T1/pplj.
)) (/usr/local/texlive/2024/texmf-dist/tex/latex/base/textcomp.sty
Package: textcomp 2020/02/02 v2.0n Standard LaTeX package
) (/usr/local/texlive/2024/texmf-dist/tex/latex/fancyhdr/fancyhdr.sty
Package: fancyhdr 2022/11/09 v4.1 Extensive control of page headers and footers
\f@nch@headwidth=\skip82
\f@nch@O@elh=\skip83
\f@nch@O@erh=\skip84
\f@nch@O@olh=\skip85
\f@nch@O@orh=\skip86
\f@nch@O@elf=\skip87
\f@nch@O@erf=\skip88
\f@nch@O@olf=\skip89
\f@nch@O@orf=\skip90
)
\tufteskipamount=\skip91
 (/usr/local/texlive/2024/texmf-dist/tex/latex/tools/multicol.sty
Package: multicol 2023/03/30 v1.9f multicolumn formatting (FMi)
\c@tracingmulticols=\count288
\mult@box=\box55
\multicol@leftmargin=\dimen162
\c@unbalance=\count289
\c@collectmore=\count290
\doublecol@number=\count291
\multicoltolerance=\count292
\multicolpretolerance=\count293
\full@width=\dimen163
\page@free=\dimen164
\premulticols=\dimen165
\postmulticols=\dimen166
\multicolsep=\skip92
\multicolbaselineskip=\skip93
\partial@page=\box56
\last@line=\box57
\mc@boxedresult=\box58
\maxbalancingoverflow=\dimen167
\mult@rightbox=\box59
\mult@grightbox=\box60
\mult@firstbox=\box61
\mult@gfirstbox=\box62
\@tempa=\box63
\@tempa=\box64
\@tempa=\box65
\@tempa=\box66
\@tempa=\box67
\@tempa=\box68
\@tempa=\box69
\@tempa=\box70
\@tempa=\box71
\@tempa=\box72
\@tempa=\box73
\@tempa=\box74
\@tempa=\box75
\@tempa=\box76
\@tempa=\box77
\@tempa=\box78
\@tempa=\box79
\@tempa=\box80
\@tempa=\box81
\@tempa=\box82
\@tempa=\box83
\@tempa=\box84
\@tempa=\box85
\@tempa=\box86
\@tempa=\box87
\@tempa=\box88
\@tempa=\box89
\@tempa=\box90
\@tempa=\box91
\@tempa=\box92
\@tempa=\box93
\@tempa=\box94
\@tempa=\box95
\@tempa=\box96
\@tempa=\box97
\@tempa=\box98
\c@minrows=\count294
\c@columnbadness=\count295
\c@finalcolumnbadness=\count296
\last@try=\dimen168
\multicolovershoot=\dimen169
\multicolundershoot=\dimen170
\mult@nat@firstbox=\box99
\colbreak@box=\box100
\mc@col@check@num=\count297
))) (/usr/local/texlive/2024/texmf-dist/tex/latex/doclicense/doclicense.sty
Package: doclicense 2023/10/01 v3.3.0 Support for putting documents under a license
 (/usr/local/texlive/2024/texmf-dist/tex/generic/xstring/xstring.sty (/usr/local/texlive/2024/texmf-dist/tex/generic/xstring/xstring.tex
\xs_counta=\count298
\xs_countb=\count299
)
Package: xstring 2023/08/22 v1.86 String manipulations (CT)
) (/usr/local/texlive/2024/texmf-dist/tex/latex/tools/xspace.sty
Package: xspace 2014/10/28 v1.13 Space after command names (DPC,MH)
) (/usr/local/texlive/2024/texmf-dist/tex/latex/tools/verbatim.sty
Package: verbatim 2023-11-06 v1.5v LaTeX2e package for verbatim enhancements
\every@verbatim=\toks22
\verbatim@line=\toks23
\verbatim@in@stream=\read2
) (/usr/local/texlive/2024/texmf-dist/tex/latex/hyperxmp/hyperxmp.sty
Package: hyperxmp 2023/09/10 v5.12 Store hyperref metadata in XMP format
\hyxmp@aep@toks=\toks24
 (/usr/local/texlive/2024/texmf-dist/tex/generic/stringenc/stringenc.sty
Package: stringenc 2019/11/29 v1.12 Convert strings between diff. encodings (HO)
)
\@hyxmp@count=\count300
 (/usr/local/texlive/2024/texmf-dist/tex/latex/oberdiek/ifdraft.sty
Package: ifdraft 2016/05/16 v1.4 Detect class options draft and final (HO)
))
\doclicense@hsize=\skip94
 (/usr/local/texlive/2024/texmf-dist/tex/latex/doclicense/doclicense-english.ldf
File: doclicense-english.ldf 
)) (/usr/local/texlive/2024/texmf-dist/tex/latex/exercise/exercise.sty
Package: exercise 2014/10/20 v1.6 Exercise package (P.Pichaureau)
\ExerciseSkipBefore=\skip95
\ExerciseSkipAfter=\skip96
\AnswerSkipBefore=\skip97
\AnswerSkipAfter=\skip98
\Exesep=\skip99
\Exetopsep=\skip100
\Exeparsep=\skip101
\Exepartopsep=\skip102
\Exeleftmargin=\skip103
\Exerightmargin=\skip104
\Exelabelwidth=\skip105
\Exelabelsep=\skip106
\ExerciseBefore=\skip107
\QuestionBefore=\skip108
\subQuestionBefore=\skip109
\subsubQuestionBefore=\skip110
\QuestionIndent=\skip111
\subQuestionIndent=\skip112
\subsubQuestionIndent=\skip113
\c@Exercise=\count301
\c@Answer=\count302
\c@ExePart=\count303
\c@Question=\count304
\c@subQuestion=\count305
\c@subsubQuestion=\count306
\c@savedQuestion=\count307
\c@savedsubQuestion=\count308
\c@savedsubsubQuestion=\count309
\@QuestionLevel=\count310
\@Exercisebox=\box101
\all@Exercisebox=\box102
\temp@Exercisebox=\box103
\all@Answerbox=\box104
\temp@Answerbox=\box105
\ExerciseDifficulty=\count311
\QuestionDifficulty=\count312
\subQuestionDifficulty=\count313
\subsubQuestionDifficulty=\count314
\ExePartDifficulty=\count315
\@Answerbox=\box106
\colonnesLevel=\count316
\tempskipa=\skip114
\tempskipb=\skip115
\@savedmathindent=\skip116
) (/usr/local/texlive/2024/texmf-dist/tex/latex/mdframed/mdframed.sty
Package: mdframed 2013/07/01 1.9b: mdframed
 (/usr/local/texlive/2024/texmf-dist/tex/latex/l3packages/xparse/xparse.sty (/usr/local/texlive/2024/texmf-dist/tex/latex/l3kernel/expl3.sty
Package: expl3 2024-02-20 L3 programming layer (loader) 
 (/usr/local/texlive/2024/texmf-dist/tex/latex/l3backend/l3backend-pdftex.def
File: l3backend-pdftex.def 2024-02-20 L3 backend support: PDF output (pdfTeX)
\l__color_backend_stack_int=\count317
\l__pdf_internal_box=\box107
))
Package: xparse 2024-02-18 L3 Experimental document command parser
) (/usr/local/texlive/2024/texmf-dist/tex/latex/zref/zref-abspage.sty
Package: zref-abspage 2023-09-14 v2.35 Module abspage for zref (HO)
 (/usr/local/texlive/2024/texmf-dist/tex/latex/zref/zref-base.sty
Package: zref-base 2023-09-14 v2.35 Module base for zref (HO)
Package zref Info: New property list: main on input line 767.
Package zref Info: New property: default on input line 768.
Package zref Info: New property: page on input line 769.
)
\c@abspage=\count318
Package zref Info: New property: abspage on input line 67.
) (/usr/local/texlive/2024/texmf-dist/tex/latex/needspace/needspace.sty
Package: needspace 2010/09/12 v1.3d reserve vertical space
)
\mdf@templength=\skip117
\c@mdf@globalstyle@cnt=\count319
\mdf@skipabove@length=\skip118
\mdf@skipbelow@length=\skip119
\mdf@leftmargin@length=\skip120
\mdf@rightmargin@length=\skip121
\mdf@innerleftmargin@length=\skip122
\mdf@innerrightmargin@length=\skip123
\mdf@innertopmargin@length=\skip124
\mdf@innerbottommargin@length=\skip125
\mdf@splittopskip@length=\skip126
\mdf@splitbottomskip@length=\skip127
\mdf@outermargin@length=\skip128
\mdf@innermargin@length=\skip129
\mdf@linewidth@length=\skip130
\mdf@innerlinewidth@length=\skip131
\mdf@middlelinewidth@length=\skip132
\mdf@outerlinewidth@length=\skip133
\mdf@roundcorner@length=\skip134
\mdf@footenotedistance@length=\skip135
\mdf@userdefinedwidth@length=\skip136
\mdf@needspace@length=\skip137
\mdf@frametitleaboveskip@length=\skip138
\mdf@frametitlebelowskip@length=\skip139
\mdf@frametitlerulewidth@length=\skip140
\mdf@frametitleleftmargin@length=\skip141
\mdf@frametitlerightmargin@length=\skip142
\mdf@shadowsize@length=\skip143
\mdf@extratopheight@length=\skip144
\mdf@subtitleabovelinewidth@length=\skip145
\mdf@subtitlebelowlinewidth@length=\skip146
\mdf@subtitleaboveskip@length=\skip147
\mdf@subtitlebelowskip@length=\skip148
\mdf@subtitleinneraboveskip@length=\skip149
\mdf@subtitleinnerbelowskip@length=\skip150
\mdf@subsubtitleabovelinewidth@length=\skip151
\mdf@subsubtitlebelowlinewidth@length=\skip152
\mdf@subsubtitleaboveskip@length=\skip153
\mdf@subsubtitlebelowskip@length=\skip154
\mdf@subsubtitleinneraboveskip@length=\skip155
\mdf@subsubtitleinnerbelowskip@length=\skip156
 (/usr/local/texlive/2024/texmf-dist/tex/latex/mdframed/md-frame-0.mdf
File: md-frame-0.mdf 2013/07/01\ 1.9b: md-frame-0
)
\mdf@frametitlebox=\box108
\mdf@footnotebox=\box109
\mdf@splitbox@one=\box110
\mdf@splitbox@two=\box111
\mdf@splitbox@save=\box112
\mdfsplitboxwidth=\skip157
\mdfsplitboxtotalwidth=\skip158
\mdfsplitboxheight=\skip159
\mdfsplitboxdepth=\skip160
\mdfsplitboxtotalheight=\skip161
\mdfframetitleboxwidth=\skip162
\mdfframetitleboxtotalwidth=\skip163
\mdfframetitleboxheight=\skip164
\mdfframetitleboxdepth=\skip165
\mdfframetitleboxtotalheight=\skip166
\mdffootnoteboxwidth=\skip167
\mdffootnoteboxtotalwidth=\skip168
\mdffootnoteboxheight=\skip169
\mdffootnoteboxdepth=\skip170
\mdffootnoteboxtotalheight=\skip171
\mdftotallinewidth=\skip172
\mdfboundingboxwidth=\skip173
\mdfboundingboxtotalwidth=\skip174
\mdfboundingboxheight=\skip175
\mdfboundingboxdepth=\skip176
\mdfboundingboxtotalheight=\skip177
\mdf@freevspace@length=\skip178
\mdf@horizontalwidthofbox@length=\skip179
\mdf@verticalmarginwhole@length=\skip180
\mdf@horizontalspaceofbox=\skip181
\mdfsubtitleheight=\skip182
\mdfsubsubtitleheight=\skip183
\c@mdfcountframes=\count320

****** mdframed patching \endmdf@trivlist

****** -- success******

\mdf@envdepth=\count321
\c@mdf@env@i=\count322
\c@mdf@env@ii=\count323
\c@mdf@zref@counter=\count324
Package zref Info: New property: mdf@pagevalue on input line 895.
) (/usr/local/texlive/2024/texmf-dist/tex/latex/amsmath/amsmath.sty
Package: amsmath 2023/05/13 v2.17o AMS math features
\@mathmargin=\skip184

For additional information on amsmath, use the `?' option.
(/usr/local/texlive/2024/texmf-dist/tex/latex/amsmath/amstext.sty
Package: amstext 2021/08/26 v2.01 AMS text
 (/usr/local/texlive/2024/texmf-dist/tex/latex/amsmath/amsgen.sty
File: amsgen.sty 1999/11/30 v2.0 generic functions
\@emptytoks=\toks25
\ex@=\dimen171
)) (/usr/local/texlive/2024/texmf-dist/tex/latex/amsmath/amsbsy.sty
Package: amsbsy 1999/11/29 v1.2d Bold Symbols
\pmbraise@=\dimen172
) (/usr/local/texlive/2024/texmf-dist/tex/latex/amsmath/amsopn.sty
Package: amsopn 2022/04/08 v2.04 operator names
)
\inf@bad=\count325
LaTeX Info: Redefining \frac on input line 234.
\uproot@=\count326
\leftroot@=\count327
LaTeX Info: Redefining \overline on input line 399.
LaTeX Info: Redefining \colon on input line 410.
\classnum@=\count328
\DOTSCASE@=\count329
LaTeX Info: Redefining \ldots on input line 496.
LaTeX Info: Redefining \dots on input line 499.
LaTeX Info: Redefining \cdots on input line 620.
\Mathstrutbox@=\box113
\strutbox@=\box114
LaTeX Info: Redefining \big on input line 722.
LaTeX Info: Redefining \Big on input line 723.
LaTeX Info: Redefining \bigg on input line 724.
LaTeX Info: Redefining \Bigg on input line 725.
\big@size=\dimen173
LaTeX Font Info:    Redeclaring font encoding OML on input line 743.
LaTeX Font Info:    Redeclaring font encoding OMS on input line 744.
\macc@depth=\count330
LaTeX Info: Redefining \bmod on input line 905.
LaTeX Info: Redefining \pmod on input line 910.
LaTeX Info: Redefining \smash on input line 940.
LaTeX Info: Redefining \relbar on input line 970.
LaTeX Info: Redefining \Relbar on input line 971.
\c@MaxMatrixCols=\count331
\dotsspace@=\muskip17
\c@parentequation=\count332
\dspbrk@lvl=\count333
\tag@help=\toks26
\row@=\count334
\column@=\count335
\maxfields@=\count336
\andhelp@=\toks27
\eqnshift@=\dimen174
\alignsep@=\dimen175
\tagshift@=\dimen176
\tagwidth@=\dimen177
\totwidth@=\dimen178
\lineht@=\dimen179
\@envbody=\toks28
\multlinegap=\skip185
\multlinetaggap=\skip186
\mathdisplay@stack=\toks29
LaTeX Info: Redefining \[ on input line 2953.
LaTeX Info: Redefining \] on input line 2954.
) (/usr/local/texlive/2024/texmf-dist/tex/latex/appendix/appendix.sty
Package: appendix 2020/02/08 v1.2c extra appendix facilities
\c@@pps=\count337
\c@@ppsavesec=\count338
\c@@ppsaveapp=\count339
) (./pythonhighlight.sty
Package: pythonhighlight 2011/09/19 python code highlighting; provided by Olivier Verdier <olivier.verdier@gmail.com>
 (/usr/local/texlive/2024/texmf-dist/tex/latex/listings/listings.sty
\lst@mode=\count340
\lst@gtempboxa=\box115
\lst@token=\toks30
\lst@length=\count341
\lst@currlwidth=\dimen180
\lst@column=\count342
\lst@pos=\count343
\lst@lostspace=\dimen181
\lst@width=\dimen182
\lst@newlines=\count344
\lst@lineno=\count345
\lst@maxwidth=\dimen183
 (/usr/local/texlive/2024/texmf-dist/tex/latex/listings/lstpatch.sty
File: lstpatch.sty 2024/02/21 1.10 (Carsten Heinz)
) (/usr/local/texlive/2024/texmf-dist/tex/latex/listings/lstmisc.sty
File: lstmisc.sty 2024/02/21 1.10 (Carsten Heinz)
\c@lstnumber=\count346
\lst@skipnumbers=\count347
\lst@framebox=\box116
) (/usr/local/texlive/2024/texmf-dist/tex/latex/listings/listings.cfg
File: listings.cfg 2024/02/21 1.10 listings configuration
))
Package: listings 2024/02/21 1.10 (Carsten Heinz)
) (/usr/local/texlive/2024/texmf-dist/tex/latex/graphics/graphicx.sty
Package: graphicx 2021/09/16 v1.2d Enhanced LaTeX Graphics (DPC,SPQR)
 (/usr/local/texlive/2024/texmf-dist/tex/latex/graphics/graphics.sty
Package: graphics 2022/03/10 v1.4e Standard LaTeX Graphics (DPC,SPQR)
 (/usr/local/texlive/2024/texmf-dist/tex/latex/graphics/trig.sty
Package: trig 2021/08/11 v1.11 sin cos tan (DPC)
) (/usr/local/texlive/2024/texmf-dist/tex/latex/graphics-cfg/graphics.cfg
File: graphics.cfg 2016/06/04 v1.11 sample graphics configuration
)
Package graphics Info: Driver file: pdftex.def on input line 107.
)
\Gin@req@height=\dimen184
\Gin@req@width=\dimen185
) (/usr/local/texlive/2024/texmf-dist/tex/latex/base/makeidx.sty
Package: makeidx 2021/10/04 v1.0m Standard LaTeX package
)
\@indexfile=\write3
\openout3 = `keamanan.idx'.


Writing index file keamanan.idx
(/usr/local/texlive/2024/texmf-dist/tex/latex/ccicons/ccicons.sty
Package: ccicons 2017/10/30 v1.6 LaTeX support for Creative Commons icons
) (/usr/local/texlive/2024/texmf-dist/tex/latex/csquotes/csquotes.sty
Package: csquotes 2022-09-14 v5.2n context-sensitive quotations (JAW)
\csq@reset=\count348
\csq@gtype=\count349
\csq@glevel=\count350
\csq@qlevel=\count351
\csq@maxlvl=\count352
\csq@tshold=\count353
\csq@ltx@everypar=\toks31
 (/usr/local/texlive/2024/texmf-dist/tex/latex/csquotes/csquotes.def
File: csquotes.def 2022-09-14 v5.2n csquotes generic definitions (JAW)
)
Package csquotes Info: Trying to load configuration file 'csquotes.cfg'...
Package csquotes Info: ... configuration file loaded successfully.
 (/usr/local/texlive/2024/texmf-dist/tex/latex/csquotes/csquotes.cfg
File: csquotes.cfg 
)) (./keamanan.aux (./pengantar.aux) (./pendahuluan.aux) (./prinsip.aux) (./crypto.aux) (./hash.aux) (./DNS.aux) (./pgp.aux) (./email.aux) (./web.aux) (./soceng.aux) (./incident.aux) (./penutup.aux) (./tcpdump.aux))
\openout1 = `keamanan.aux'.

LaTeX Font Info:    Checking defaults for OML/cmm/m/it on input line 31.
LaTeX Font Info:    ... okay on input line 31.
LaTeX Font Info:    Checking defaults for OMS/cmsy/m/n on input line 31.
LaTeX Font Info:    ... okay on input line 31.
LaTeX Font Info:    Checking defaults for OT1/cmr/m/n on input line 31.
LaTeX Font Info:    ... okay on input line 31.
LaTeX Font Info:    Checking defaults for T1/cmr/m/n on input line 31.
LaTeX Font Info:    ... okay on input line 31.
LaTeX Font Info:    Checking defaults for TS1/cmr/m/n on input line 31.
LaTeX Font Info:    ... okay on input line 31.
LaTeX Font Info:    Checking defaults for OMX/cmex/m/n on input line 31.
LaTeX Font Info:    ... okay on input line 31.
LaTeX Font Info:    Checking defaults for U/cmr/m/n on input line 31.
LaTeX Font Info:    ... okay on input line 31.
LaTeX Font Info:    Checking defaults for PD1/pdf/m/n on input line 31.
LaTeX Font Info:    ... okay on input line 31.
LaTeX Font Info:    Checking defaults for PU/pdf/m/n on input line 31.
LaTeX Font Info:    ... okay on input line 31.
Package hyperref Info: Link coloring OFF on input line 31.
 (./keamanan.out) (./keamanan.out)
\@outlinefile=\write4
\openout4 = `keamanan.out'.


*geometry* driver: auto-detecting
*geometry* detected driver: pdftex
*geometry* verbose mode - [ preamble ] result:
* driver: pdftex
* paper: letterpaper
* layout: <same size as paper>
* layoutoffset:(h,v)=(0.0pt,0.0pt)
* modes: twoside asymmetric 
* h-part:(L,W,R)=(72.26999pt, 312.0pt, 230.02501pt)
* v-part:(T,H,B)=(72.26999pt, 616.0pt, 106.7pt)
* \paperwidth=614.295pt
* \paperheight=794.96999pt
* \textwidth=312.0pt
* \textheight=616.0pt
* \oddsidemargin=0.0pt
* \evensidemargin=0.0pt
* \topmargin=-42.0pt
* \headheight=14.0pt
* \headsep=28.0pt
* \topskip=10.0pt
* \footskip=25.29494pt
* \marginparwidth=144.0pt
* \marginparsep=24.0pt
* \columnsep=10.0pt
* \skip\footins=9.0pt plus 4.0pt minus 2.0pt
* \hoffset=0.0pt
* \voffset=0.0pt
* \mag=1000
* \@twocolumnfalse
* \@twosidetrue
* \@mparswitchfalse
* \@reversemarginfalse
* (1in=72.27pt=25.4mm, 1cm=28.453pt)

\langwohyphens=\language89
(/usr/local/texlive/2024/texmf-dist/tex/context/base/mkii/supp-pdf.mkii
[Loading MPS to PDF converter (version 2006.09.02).]
\scratchcounter=\count354
\scratchdimen=\dimen186
\scratchbox=\box117
\nofMPsegments=\count355
\nofMParguments=\count356
\everyMPshowfont=\toks32
\MPscratchCnt=\count357
\MPscratchDim=\dimen187
\MPnumerator=\count358
\makeMPintoPDFobject=\count359
\everyMPtoPDFconversion=\toks33
) (/usr/local/texlive/2024/texmf-dist/tex/latex/epstopdf-pkg/epstopdf-base.sty
Package: epstopdf-base 2020-01-24 v2.11 Base part for package epstopdf
Package epstopdf-base Info: Redefining graphics rule for `.eps' on input line 485.
 (/usr/local/texlive/2024/texmf-dist/tex/latex/latexconfig/epstopdf-sys.cfg
File: epstopdf-sys.cfg 2010/07/13 v1.3 Configuration of (r)epstopdf for TeX Live
))
\c@lstlisting=\count360
LaTeX Font Info:    Trying to load font information for T1+phv on input line 38.
 (/usr/local/texlive/2024/texmf-dist/tex/latex/psnfss/t1phv.fd
File: t1phv.fd 2020/03/25 scalable font definitions for T1/phv.
)
LaTeX Font Info:    Font shape `T1/phv/m/n' will be
(Font)              scaled to size 8.99994pt on input line 38.
LaTeX Font Info:    Font shape `T1/phv/m/n' will be
(Font)              scaled to size 16.19989pt on input line 38.
LaTeX Font Info:    Font shape `T1/phv/m/n' will be
(Font)              scaled to size 32.39978pt on input line 38.
LaTeX Font Info:    Font shape `T1/phv/m/n' will be
(Font)              scaled to size 12.59991pt on input line 38.
 [1


{/usr/local/texlive/2024/texmf-var/fonts/map/pdftex/updmap/pdftex.map}{/usr/local/texlive/2024/texmf-dist/fonts/enc/dvips/base/8r.enc}] [2


] (./keamanan.toc [3])
\tf@toc=\write5
\openout5 = `keamanan.toc'.

 [4]
\openout2 = `pengantar.aux'.

 (./pengantar.tex
Chapter 1.
LaTeX Font Info:    Trying to load font information for OT1+pplx on input line 10.
(/usr/local/texlive/2024/texmf-dist/tex/latex/psnfss/ot1pplx.fd
File: ot1pplx.fd 2004/09/06 font definitions for OT1/pplx.
)
LaTeX Font Info:    Trying to load font information for OML+zplm on input line 10.
 (/usr/local/texlive/2024/texmf-dist/tex/latex/psnfss/omlzplm.fd
File: omlzplm.fd 2002/09/08 Fontinst v1.914 font definitions for OML/zplm.
)
LaTeX Font Info:    Trying to load font information for OMS+zplm on input line 10.
 (/usr/local/texlive/2024/texmf-dist/tex/latex/psnfss/omszplm.fd
File: omszplm.fd 2002/09/08 Fontinst v1.914 font definitions for OMS/zplm.
)
LaTeX Font Info:    Trying to load font information for OMX+zplm on input line 10.
 (/usr/local/texlive/2024/texmf-dist/tex/latex/psnfss/omxzplm.fd
File: omxzplm.fd 2002/09/08 Fontinst v1.914 font definitions for OMX/zplm.
)
LaTeX Font Info:    Trying to load font information for OT1+zplm on input line 10.
 (/usr/local/texlive/2024/texmf-dist/tex/latex/psnfss/ot1zplm.fd
File: ot1zplm.fd 2002/09/08 Fontinst v1.914 font definitions for OT1/zplm.
)

LaTeX Warning: Marginpar on page 5 moved.

[5


]

LaTeX Warning: Marginpar on page 6 moved.


Underfull \hbox (badness 10000) in paragraph at lines 83--83
[]\T1/pplj/m/n/10 This work is li-censed un-der a []Cre-ative
 []


Underfull \hbox (badness 10000) in paragraph at lines 83--83
\T1/pplj/m/n/10 Com-mons ^^P  Attribution-NonCommercial-
 []

<doclicense-CC-by-nc-sa-88x31.pdf, id=251, 90.3375pt x 31.61812pt>
File: doclicense-CC-by-nc-sa-88x31.pdf Graphic file (type pdf)
<use doclicense-CC-by-nc-sa-88x31.pdf>
Package pdftex.def Info: doclicense-CC-by-nc-sa-88x31.pdf  used on input line 83.
(pdftex.def)             Requested size: 100.0001pt x 35.00002pt.
) [6 </usr/local/texlive/2024/texmf-dist/tex/latex/doclicense/images/doclicense-CC-by-nc-sa-88x31.pdf>]
\openout2 = `pendahuluan.aux'.

 (./pendahuluan.tex
Chapter 2.

Overfull \hbox (6.64978pt too wide) in paragraph at lines 2--7
\T1/pplj/m/n/10 Selalu ada as-pek negatif dari se-buah pe-man-faatan teknologi. Teknologi 
 []

[7




]
Underfull \hbox (badness 1859) in paragraph at lines 92--92
$[]$\T1/pplj/m/n/8 Catatan dari Ama- 
 []


Overfull \hbox (11.1199pt too wide) in paragraph at lines 92--92
\T1/pplj/m/n/8 https://aws.amazon.com/message/41926/  
 []


Overfull \hbox (1.34985pt too wide) in paragraph at lines 87--93
[]\T1/pplj/m/n/10 Februari 2017. Layanan cloud dari Ama-zon.com berhenti berfungsi 
 []

[8]

LaTeX Warning: Marginpar on page 9 moved.


Overfull \hbox (21.42953pt too wide) in paragraph at lines 100--100
$[]$\T1/pplj/m/n/8 https://rahard.wordpress.com/2017/05/14/ 
 []


LaTeX Warning: Marginpar on page 9 moved.


LaTeX Warning: Marginpar on page 9 moved.


LaTeX Warning: Marginpar on page 9 moved.

<graphics/telegram-down.jpg, id=279, 461.47406pt x 250.68657pt>
File: graphics/telegram-down.jpg Graphic file (type jpg)
<use graphics/telegram-down.jpg>
Package pdftex.def Info: graphics/telegram-down.jpg  used on input line 125.
(pdftex.def)             Requested size: 312.00261pt x 169.48918pt.

Underfull \hbox (badness 10000) in paragraph at lines 125--128

 []

[9]

LaTeX Warning: Marginpar on page 10 moved.


LaTeX Warning: Marginpar on page 10 moved.

[10 <./graphics/telegram-down.jpg>]

LaTeX Warning: Marginpar on page 11 moved.

[11]
<graphics/biaya-transaksi-palsu.png, id=309, 323.2075pt x 441.65pt>
File: graphics/biaya-transaksi-palsu.png Graphic file (type png)
<use graphics/biaya-transaksi-palsu.png>
Package pdftex.def Info: graphics/biaya-transaksi-palsu.png  used on input line 223.
(pdftex.def)             Requested size: 234.00134pt x 319.75337pt.
 [12 <./graphics/biaya-transaksi-palsu.png>]
<graphics/apk-palsu.jpg, id=319, 752.8125pt x 503.8825pt>
File: graphics/apk-palsu.jpg Graphic file (type jpg)
<use graphics/apk-palsu.jpg>
Package pdftex.def Info: graphics/apk-palsu.jpg  used on input line 240.
(pdftex.def)             Requested size: 234.00124pt x 156.62483pt.
 [13 <./graphics/apk-palsu.jpg>]
<graphics/security-life-cycle.png, id=327, 577.15625pt x 481.8pt>
File: graphics/security-life-cycle.png Graphic file (type png)
<use graphics/security-life-cycle.png>
Package pdftex.def Info: graphics/security-life-cycle.png  used on input line 279.
(pdftex.def)             Requested size: 312.012pt x 260.46219pt.

Overfull \hbox (6.81198pt too wide) in paragraph at lines 279--282
[][]
 []


Underfull \hbox (badness 10000) in paragraph at lines 279--282

 []

[14 <./graphics/security-life-cycle.png>]
Underfull \vbox (badness 10000) has occurred while \output is active []

 [15]
Overfull \hbox (0.99985pt too wide) in paragraph at lines 363--366
[]\T1/pplj/m/n/10 Desain penga-manan ini ke-mu-dian dit-er-ap-kan se-cara tek-nis melalui 
 []

[16]) [17]
\openout2 = `prinsip.aux'.

 (./prinsip.tex [18




]
Chapter 3.
[19]
LaTeX Font Info:    Trying to load font information for T1+fvm on input line 54.
 (/usr/local/texlive/2024/texmf-dist/tex/latex/bera/t1fvm.fd
File: t1fvm.fd 2004/09/07 scalable font definitions for T1/fvm.
)
LaTeX Font Info:    Font shape `T1/fvm/m/n' will be
(Font)              scaled to size 8.50006pt on input line 54.
 [20]) [21] [22]
\openout2 = `crypto.aux'.

 (./crypto.tex
Chapter 4.

Overfull \hbox (9.42982pt too wide) in paragraph at lines 2--6
\T1/pplj/m/n/10 data atau menyandikan data. Cara per-tama meng-gu-nakan steganografi, 
 []


LaTeX Warning: Marginpar on page 23 moved.

<graphics/BR-watermark.png, id=382, 422.5386pt x 298.4751pt>
File: graphics/BR-watermark.png Graphic file (type png)
<use graphics/BR-watermark.png>
Package pdftex.def Info: graphics/BR-watermark.png  used on input line 27.
(pdftex.def)             Requested size: 312.00313pt x 220.39445pt.

Overfull \hbox (6.80312pt too wide) in paragraph at lines 27--30
[][]
 []


Underfull \hbox (badness 10000) in paragraph at lines 27--30

 []

[23




] [24 <./graphics/BR-watermark.png>]
Package mdframed Info: mdframed works in twoside mode on input line 68.
Package mdframed Info: mdframed works in twoside mode on input line 91.


LaTeX Warning: Marginpar on page 25 moved.

Package mdframed Info: mdframed works in twoside mode on input line 112.
[25]
Package mdframed Info: mdframed works in twoside mode on input line 137.
Package hyperref Info: bookmark level for unknown exercise defaults to 0 on input line 139.

Overfull \hbox (8.10991pt too wide) in paragraph at lines 140--144
[]\T1/pplj/m/n/10 Buat se-buah pro-gram yang
 []


Overfull \hbox (11.85974pt too wide) in paragraph at lines 140--144
\T1/pplj/m/n/10 mem-buat statis-tik ke-mu-ncu-lan huruf-huruf un-tuk ba-hasa In-
 []


Overfull \hbox (33.8198pt too wide) in paragraph at lines 140--144
\T1/pplj/m/n/10 done-sia, ba-hasa Ing-gris, ba-hasa Jawa, dan ba-hasa Sunda. Urutkan
 []


Overfull \hbox (19.22986pt too wide) in paragraph at lines 140--144
\T1/pplj/m/n/10 lima terbe-sar di se-tiap ba-hasa. Catatan: Se-makin banyak Anda
 []


Overfull \hbox (6.50986pt too wide) in paragraph at lines 140--144
\T1/pplj/m/n/10 mem-beri ma-sukan kepada pro-gram statis-tik Anda, se-makin
 []


Overfull \hbox (0.91985pt too wide) in paragraph at lines 144--147
[]\T1/pplj/m/n/10 Apakah metoda ini da-pat di-gu-nakan un-tuk bahasa-bahasa
 []


Overfull \hbox (24.97984pt too wide) in paragraph at lines 144--147
\T1/pplj/m/n/10 yang tidak meng-gu-nakan karak-ter Ro-man (seperti ba-hasa Arab,
 []


LaTeX Warning: Marginpar on page 26 moved.

LaTeX Font Info:    Trying to load font information for TS1+pplj on input line 164.
(/usr/local/texlive/2024/texmf-dist/tex/latex/psnfss/ts1pplj.fd
File: ts1pplj.fd 2004/09/06 font definitions for TS1/pplj.
) [26] [27] [28]

LaTeX Warning: Marginpar on page 29 moved.

[29]) [30]
\openout2 = `hash.aux'.

 (./hash.tex

LaTeX Warning: Marginpar on page 31 moved.


Overfull \hbox (35.95837pt too wide) in paragraph at lines 19--19
[]\T1/fvm/m/n/10 jumlah = (karakter) OR (karakter sebelumnya) XOR (jumlah sebelumnya)[] 
 []

(/usr/local/texlive/2024/texmf-dist/tex/latex/listings/lstlang1.sty
File: lstlang1.sty 2024/02/21 1.10 listings language file
)
LaTeX Font Info:    Font shape `T1/fvm/m/n' will be
(Font)              scaled to size 6.80005pt on input line 24.
LaTeX Font Info:    Font shape `T1/fvm/b/n' will be
(Font)              scaled to size 6.80005pt on input line 25.
LaTeX Font Info:    Font shape `T1/fvm/m/sl' will be
(Font)              scaled to size 6.80005pt on input line 26.
 [31



]

LaTeX Warning: Marginpar on page 32 moved.

Package mdframed Info: mdframed works in twoside mode on input line 55.
[32]
Package mdframed Info: mdframed works in twoside mode on input line 66.

Overfull \hbox (6.91985pt too wide) in paragraph at lines 68--69
[]\T1/pplj/m/n/10 Gunakan MD5 un-tuk meng-hasilkan hash
 []


Overfull \hbox (6.42992pt too wide) in paragraph at lines 68--69
\T1/pplj/m/n/10 dari se-buah berkas gam-bar (misal dalam for-mat JPG). Ubah
 []


Overfull \hbox (14.32982pt too wide) in paragraph at lines 68--69
\T1/pplj/m/n/10 berkas gam-bar terse-but den-gan sedikit mod-i-fikasi mi-nor. Gu-
 []

) [33]
\openout2 = `DNS.aux'.

 (./DNS.tex [34




]
Chapter 5.
[35]

LaTeX Warning: Marginpar on page 36 moved.

[36]

LaTeX Warning: Marginpar on page 37 moved.


Overfull \hbox (9.58987pt too wide) in paragraph at lines 108--112
\T1/pplj/m/n/10 ns3.itb.ac.id, sns-pb.isc.org, ns1.ai3.net, ns1.itb.ac.id, dan ns2.itb.ac.id.  
 []


Overfull \hbox (3.33995pt too wide) in paragraph at lines 112--116
\T1/pplj/m/n/10 ns3.itb.ac.id, ns2.itb.ac.id, al-liance.globalnetlink.com, ic.vlsi.itb.ac.id, 
 []

[37] [38] [39]
Package mdframed Info: mdframed works in twoside mode on input line 228.

Overfull \hbox (17.44pt too wide) in paragraph at lines 232--235
[]\T1/pplj/m/n/10 Pilih tiga buah do-main (misal
 []


Overfull \hbox (14.3099pt too wide) in paragraph at lines 232--235
\T1/pplj/m/n/10 itb.ac.id, ke-mu-dian dua do-main lain). Un-tuk se-tiap do-main
 []


Overfull \hbox (14.16986pt too wide) in paragraph at lines 235--237
[]\T1/pplj/m/n/10 Carilah server DNS (name server) dari do-main terse-
 []


Overfull \hbox (22.53987pt too wide) in paragraph at lines 235--237
\T1/pplj/m/n/10 but. Ada be-rapa name server? Jika NS hanya ada satu,
 []


Overfull \hbox (22.73987pt too wide) in paragraph at lines 237--240
[]\T1/pplj/m/n/10 Apalah Anda da-pat melakukan zone trans-fer ter-hadap
 []


Overfull \hbox (9.29987pt too wide) in paragraph at lines 237--240
\T1/pplj/m/n/10 do-main terse-but? Un-tuk sis-tem yang baik, bi-asanya
 []


Overfull \hbox (1.91994pt too wide) in paragraph at lines 237--240
\T1/pplj/m/n/10 Anda akan di-to-lak (RE-FUSED). Cari do-main yang
 []

) [40]
\openout2 = `pgp.aux'.

 (./pgp.tex
Chapter 6.
[41




]

LaTeX Warning: Marginpar on page 42 moved.


LaTeX Warning: Marginpar on page 42 moved.


Overfull \hbox (82.01169pt too wide) in paragraph at lines 74--74
[]\T1/fvm/m/n/10 gpg (GnuPG/MacGPG2) 2.0.30; Copyright (C) 2015 Free Software Foundation, Inc.[] 
 []


Overfull \hbox (25.7243pt too wide) in paragraph at lines 75--75
[]\T1/fvm/m/n/10 This is free software: you are free to change and redistribute it.[] 
 []

[42]
Overfull \hbox (26.82982pt too wide) in paragraph at lines 108--112
\T1/pplj/m/n/10 den-gan meng-gu-nakan per-in-tah berikut. Gan-tikan ``ra-hard2017@gmail.com'' 
 []


Overfull \hbox (15.49023pt too wide) in paragraph at lines 128--128
[]\T1/fvm/m/n/10 mQENBFiiijUBCAD3ZIxjUQyDtcGTmHs2iU+2aS+MMp2w+codVRrqLfVI+V8S+TmP[] 
 []


Overfull \hbox (15.49023pt too wide) in paragraph at lines 129--129
[]\T1/fvm/m/n/10 WGe2Gu4pTLovGzZ2NGWvKACZ0A+BL97e9K6QN6+UIYRArFdxfojQ4lbwH/WO1YSn[] 
 []


Overfull \hbox (15.49023pt too wide) in paragraph at lines 130--130
[]\T1/fvm/m/n/10 J6BsCE1IfX8niRiskdibBhZZcrUCcDa/tgvgXTymoAeZEcMwR48hEOUWuOGoCE2g[] 
 []


Overfull \hbox (15.49023pt too wide) in paragraph at lines 131--131
[]\T1/fvm/m/n/10 TA/kD9yCyorFUKEsbyKJMKPtlMJGICUwtggDdXT5arCCafpydLGxok+w4TJjADeX[] 
 []


Overfull \hbox (15.49023pt too wide) in paragraph at lines 132--132
[]\T1/fvm/m/n/10 jeTxDgYSNjCNar9wRhtnG+G/Irbfctj77/9Ppz8j8Dp1NkAwx5P+9AJRNNkwU88c[] 
 []


Overfull \hbox (15.49023pt too wide) in paragraph at lines 133--133
[]\T1/fvm/m/n/10 7FSEz0cpAzgC4VyaL/iX85G8wr6z5kaWNV3FABEBAAG0JEJ1ZGkgUmFoYXJkam8g[] 
 []


Overfull \hbox (15.49023pt too wide) in paragraph at lines 134--134
[]\T1/fvm/m/n/10 PHJhaGFyZDIwMTdAZ21haWwuY29tPokBPQQTAQoAJwUCWKKKNQIbAwUJABuvgAUL[] 
 []

[43]
Overfull \hbox (66.66058pt too wide) in paragraph at lines 147--147
[]      \T1/fvm/m/n/10 Key fingerprint = 810B 2149 3366 E699 F95E  9E49 07E1 BDC5 EB6C EB46[] 
 []


LaTeX Warning: Marginpar on page 44 moved.

<graphics/pgp-mit.png, id=529, 642.4pt x 557.08125pt>
File: graphics/pgp-mit.png Graphic file (type png)
<use graphics/pgp-mit.png>
Package pdftex.def Info: graphics/pgp-mit.png  used on input line 173.
(pdftex.def)             Requested size: 312.00473pt x 270.5666pt.

Overfull \hbox (6.80472pt too wide) in paragraph at lines 173--176
[][]
 []


Underfull \hbox (badness 10000) in paragraph at lines 173--176

 []

Package mdframed Info: mdframed works in twoside mode on input line 200.

Overfull \hbox (6.79996pt too wide) in paragraph at lines 203--205
[]\T1/pplj/m/n/10 Buat pasan-gan kunci
 []


Overfull \hbox (6.90987pt too wide) in paragraph at lines 203--205
\T1/pplj/m/n/10 pub-lik dan kunci pri-vat Anda. Gu-nakan pa-ram-e-ter
 []


Overfull \hbox (3.35988pt too wide) in paragraph at lines 203--205
\T1/pplj/m/n/10 de-fault saja (RSA dan RSA). Aso-sisas-ikan dia den-
 []


Overfull \hbox (7.06984pt too wide) in paragraph at lines 205--208
[]\T1/pplj/m/n/10 Unggah kunci pub-lik Anda ke salah satu key-server
 []


Overfull \hbox (32.56984pt too wide) in paragraph at lines 205--208
\T1/pplj/m/n/10 yang terse-dia (misal pgp.mit.edu atau pgp.key-server.io).
 []


Overfull \hbox (13.21986pt too wide) in paragraph at lines 208--210
[]\T1/pplj/m/n/10 Beritahukan teman-teman Anda ten-tang kunci Anda
 []


Overfull \hbox (10.11981pt too wide) in paragraph at lines 208--210
\T1/pplj/m/n/10 terse-but. Minta mereka un-tuk ikut menan-datan-gani
 []

Package mdframed Info: Not enough space on this page on input line 212.
[44]
Package mdframed Info: Not enough space on this page on input line 212.

Overfull \hbox (16.0898pt too wide) in paragraph at lines 216--224
\T1/pplj/m/n/10 mendis-tribusikan kunci pub-lik kita melalui se-buah key-server. Bagaimana 
 []

[45 <./graphics/pgp-mit.png>]
Overfull \hbox (87.12872pt too wide) in paragraph at lines 229--229
[]   \T1/fvm/m/n/10 3072 bit RSA key 1EE3896FB424863E, created: 2021-02-14, expires: 2023-02-14[] 
 []


Overfull \hbox (61.54355pt too wide) in paragraph at lines 230--230
[]\T1/fvm/m/n/10 Keys 1-1 of 1 for "tutorialrahardjo".  Enter number(s), N)ext, or Q)uit >[] 
 []


Overfull \hbox (112.7139pt too wide) in paragraph at lines 243--243
[]\T1/fvm/m/n/10 gpg: key 1EE3896FB424863E: "Budi Rahardjo <tutorialrahardjo@gmail.com>" not changed[] 
 []


Overfull \hbox (10.3732pt too wide) in paragraph at lines 264--264
[]\T1/fvm/m/n/10 gpg: marginals needed: 3  completes needed: 1  trust model: pgp[] 
 []


Overfull \hbox (41.07541pt too wide) in paragraph at lines 265--265
[]\T1/fvm/m/n/10 gpg: depth: 0  valid:   2  signed:   8  trust: 0-, 0q, 0n, 0m, 0f, 2u[] 
 []


Overfull \hbox (41.07541pt too wide) in paragraph at lines 266--266
[]\T1/fvm/m/n/10 gpg: depth: 1  valid:   8  signed:   0  trust: 8-, 0q, 0n, 0m, 0f, 0u[] 
 []

[46]
Overfull \hbox (76.89465pt too wide) in paragraph at lines 279--279
[] \T1/fvm/m/n/10 Primary key fingerprint: 6A6E 6812 7595 EF7E E961  B692 1EE3 896F B424 863E[] 
 []


Overfull \hbox (5.25616pt too wide) in paragraph at lines 285--285
[]\T1/fvm/m/n/10 key "Budi Rahardjo <kelasbr2021@gmail.com>" (0686C5957E1023FE)[] 
 []


LaTeX Warning: Marginpar on page 47 moved.


Overfull \hbox (15.49023pt too wide) in paragraph at lines 310--310
[]  \T1/fvm/m/n/10 Fingerprint=6A6E 6812 7595 EF7E E961  B692 1EE3 896F B424 863E[] 
 []


Overfull \hbox (5.25616pt too wide) in paragraph at lines 313--313
[]\T1/fvm/m/n/10 sig  sig3  B424863E 2021-02-14 __________ 2023-02-14 [selfsig][] 
 []


Overfull \hbox (148.53314pt too wide) in paragraph at lines 314--314
[]\T1/fvm/m/n/10 sig  sig   7E1023FE 2021-02-14 __________ __________ Budi Rahardjo <kelasbr2021@gmail.com>[] 
 []


Overfull \hbox (0.13913pt too wide) in paragraph at lines 326--326
[]\T1/fvm/m/n/10 gpg --default-key rahard@protonmail.com  ...dan seterusnya...[] 
 []

[47]
Package mdframed Info: mdframed works in twoside mode on input line 350.

Overfull \hbox (92.24576pt too wide) in paragraph at lines 363--363
[]\T1/fvm/m/n/10 gpg --output dokumen.pgp --encrypt --recipient rahard2017@gmail.com dokumen.txt[] 
 []


Overfull \hbox (107.59686pt too wide) in paragraph at lines 371--371
[]\T1/fvm/m/n/10 gpg -a --output dokumen.pgp --encrypt --recipient rahard2017@gmail.com dokumen.txt[] 
 []


Overfull \hbox (1.46986pt too wide) in paragraph at lines 374--375
[]\T1/pplj/m/n/10 Jika kita li-hat berkas ``doku-men.pgp'', isinya adalah seperti berikut.  
 []

Package mdframed Info: mdframed works in twoside mode on input line 376.
[48]
Package mdframed Info: mdframed works in twoside mode on input line 403.

Overfull \hbox (16.2199pt too wide) in paragraph at lines 429--432
\T1/pplj/m/n/10 ``doku-men.txt''. (Kita dalam con-toh ini adalah ``ra-hard2017@gmail.com''.)  
 []


Overfull \hbox (30.84134pt too wide) in paragraph at lines 434--434
[]\T1/fvm/m/n/10 gpg -u rahard2017@gmail.com --output dokumen.sig --sign dokumen.txt[] 
 []


Overfull \hbox (46.19244pt too wide) in paragraph at lines 445--445
[]\T1/fvm/m/n/10 gpg -a -u rahard2017@gmail.com --output dokumen.sig --sign dokumen.txt[] 
 []

[49]
Overfull \hbox (15.49023pt too wide) in paragraph at lines 456--456
[]\T1/fvm/m/n/10 owGbwMvMwMXI/nDv0dc5r90Y10xI4k7Jzy7NTc3TK6koidipudUzL1MhMSUxJzFD[] 
 []


Overfull \hbox (15.49023pt too wide) in paragraph at lines 457--457
[]\T1/fvm/m/n/10 ASqjUJpXUpqtUJBalJyflJiYpwAUS08vzUvMBrID3AP03QPc9bhCwYpKEvNSEkFk[] 
 []


Overfull \hbox (15.49023pt too wide) in paragraph at lines 458--458
[]\T1/fvm/m/n/10 emKejkJmcWZeJZCbmZKYrZCRWFRarJCSWZyam1SaV5kJ1K3HFZyak5ibWAIyEmS4[] 
 []


Overfull \hbox (15.49023pt too wide) in paragraph at lines 459--459
[]\T1/fvm/m/n/10 HlcnowwLAyMXAxsrE8g1DFycAjDXcoix//d7pfhQ+pbBxM4ilx/pi054OOkFsfS2[] 
 []


Overfull \hbox (15.49023pt too wide) in paragraph at lines 460--460
[]\T1/fvm/m/n/10 TDDSVY/Zec58cp/zm9TgDczKn+71Kkqvs/4fNNvRuUr208VdwowLPTliFpR+O2/L[] 
 []


Overfull \hbox (15.49023pt too wide) in paragraph at lines 461--461
[]\T1/fvm/m/n/10 0cR/KDTuie6h9Xlq3bXTSg6kpeoxblZ323ra4jDfvvs/9RjeSByS0cp4+T/c81B6[] 
 []


Overfull \hbox (15.49023pt too wide) in paragraph at lines 462--462
[]\T1/fvm/m/n/10 YUepNtO0hLjZZeGxR63yNqxbu7ZX9djt4p6a7/JTbJKepvo3XItlO8x0xVDt3LIv[] 
 []


Overfull \hbox (15.49023pt too wide) in paragraph at lines 463--463
[]\T1/fvm/m/n/10 oRc/tc7667WqskaC95zr1E6xREHL5eEKGnkByy7arEnL0Ge++bNd4ET4NOV3FYqP[] 
 []


Overfull \hbox (15.49023pt too wide) in paragraph at lines 464--464
[]\T1/fvm/m/n/10 L875kT8v8PeVPdqr+SrENG7YNL6+PWXOvNUR6ruMVdSOhzEoeyn4P2EWX6J1dVL/[] 
 []


Overfull \hbox (56.42651pt too wide) in paragraph at lines 473--473
[]\T1/fvm/m/n/10 gpg -u rahard2017@gmail.com --output dokumen.sig --clearsign dokumen.txt[] 
 []

Package mdframed Info: mdframed works in twoside mode on input line 479.

Overfull \hbox (36.29022pt too wide) in paragraph at lines 490--490
[]\T1/fvm/m/n/10 iQEcBAEBCgAGBQJYuSthAAoJEAfhvcXrbOtG1pkIALaFxIxKObM7p/ZTMpzNCIHN[] 
 []


Overfull \hbox (36.29022pt too wide) in paragraph at lines 491--491
[]\T1/fvm/m/n/10 GpyR9Q6QQEi+9+0loHdw1TqMEskJ3HxWOnegupMueiIpO0IaEd8qCraLSfRF3G1f[] 
 []


Overfull \hbox (36.29022pt too wide) in paragraph at lines 492--492
[]\T1/fvm/m/n/10 gBxl837rXnTjDIYABN9T6f5GrZHyeWXEhwDRDuLWsb9v85pNd/RUbQ8L7N/s4SUl[] 
 []


Overfull \hbox (36.29022pt too wide) in paragraph at lines 493--493
[]\T1/fvm/m/n/10 NgyPbHKhal+ob047mHE1zF9lvpuRfhWM3ztr8OJN6MWTgb+NYpc0b9YuyqSRiDZ0[] 
 []


Overfull \hbox (36.29022pt too wide) in paragraph at lines 494--494
[]\T1/fvm/m/n/10 y3fvY3iRexMjLI2dxhXOTWG4IM5ouwbFtheJML1Lssh/pn1KZwicnWGAouWhQTOY[] 
 []


Overfull \hbox (36.29022pt too wide) in paragraph at lines 495--495
[]\T1/fvm/m/n/10 hGR8zSoy4oeS/hlUmdAu3bse73pcWeybCtYLwvXSBvg7W67sCOERmIfZxXxtq08=[] 
 []

[50]
Package mdframed Info: mdframed works in twoside mode on input line 506.

Overfull \hbox (61.54355pt too wide) in paragraph at lines 518--518
[]\T1/fvm/m/n/10 gpg -u rahard2017@gmail.com --output dokumen.sig --detach-sig dokumen.txt[] 
 []

Package mdframed Info: mdframed works in twoside mode on input line 525.
Package mdframed Info: mdframed works in twoside mode on input line 530.

Overfull \hbox (9.36989pt too wide) in paragraph at lines 533--537
[]\T1/pplj/m/n/10 Menurut Anda, apakah tanda tan-gan
 []


Overfull \hbox (26.39977pt too wide) in paragraph at lines 533--537
\T1/pplj/m/n/10 (sig-na-ture) akan tetap sama un-tuk se-tiap orang meskipun doku-
 []


Overfull \hbox (22.20982pt too wide) in paragraph at lines 533--537
\T1/pplj/m/n/10 men yang di-tan-datan-gani berbeda-beda? Ataukah un-tuk doku-
 []


Overfull \hbox (10.64987pt too wide) in paragraph at lines 533--537
\T1/pplj/m/n/10 men yang berbeda, tanda tan-gan dig-i-tal dari doku-men terse-
 []


Overfull \hbox (14.01982pt too wide) in paragraph at lines 537--539
[]\T1/pplj/m/n/10 Verifikasi doku-men den-gan data yang be-nar. Mak-sud-nya jan-
 []


Overfull \hbox (4.40984pt too wide) in paragraph at lines 539--542
[]\T1/pplj/m/n/10 Verifikasi doku-men den-gan data yang su-dah ter-ce-mar. Edit
 []


Overfull \hbox (8.07982pt too wide) in paragraph at lines 539--542
\T1/pplj/m/n/10 berkas doku-men.txt se-hingga berbeda den-gan aslinya. Coba
 []

[51]) [52]
\openout2 = `email.aux'.

 (./email.tex
Chapter 7.

LaTeX Warning: Marginpar on page 53 moved.

<graphics/email-topologi.png, id=582, 597.9138pt x 183.5658pt>
File: graphics/email-topologi.png Graphic file (type png)
<use graphics/email-topologi.png>
Package pdftex.def Info: graphics/email-topologi.png  used on input line 30.
(pdftex.def)             Requested size: 312.00266pt x 95.78807pt.

Overfull \hbox (6.80264pt too wide) in paragraph at lines 30--33
[][]
 []


Underfull \hbox (badness 10000) in paragraph at lines 30--33

 []

[53




]
Package mdframed Info: mdframed works in twoside mode on input line 55.

Overfull \hbox (2.01675pt too wide) in paragraph at lines 56--60
[]\T1/pplj/m/n/9 Ada dua for-mat be-sar dari peny-im-panan email; mbox dan Maildir.
 []


Overfull \hbox (0.4777pt too wide) in paragraph at lines 56--60
\T1/pplj/m/n/9 For-mat \T1/pplj/m/it/9 mbox \T1/pplj/m/n/9 berupa se-buah berkas be-sar yang berisi se-mua email.
 []


Overfull \hbox (0.90967pt too wide) in paragraph at lines 56--60
\T1/pplj/m/n/9 Email di-u-rutkan se-cara sam-bung menyam-bung (con-cate-nate). For-
 []


Overfull \hbox (16.36272pt too wide) in paragraph at lines 56--60
\T1/pplj/m/n/9 mat \T1/pplj/m/it/9 Maildir \T1/pplj/m/n/9 berbeda, yaitu se-tiap email meru-pakan satu berkas sendiri
 []

[54 <./graphics/email-topologi.png>]

LaTeX Warning: Marginpar on page 55 moved.

Package mdframed Info: mdframed works in twoside mode on input line 98.
Package mdframed Info: mdframed works in twoside mode on input line 117.

Overfull \hbox (5.58801pt too wide) in paragraph at lines 118--118
[]\T1/fvm/m/n/10 Received: from nic.cafax.se (nic.cafax.se [192.71.228.17])[] 
 []


Overfull \hbox (61.8754pt too wide) in paragraph at lines 119--119
[]   \T1/fvm/m/n/10 by alliance.globalnetlink.com (8.9.1/8.9.1) with ESMTP id QAA31830[] 
 []


Overfull \hbox (82.34354pt too wide) in paragraph at lines 120--120
[]   \T1/fvm/m/n/10 for <budi@alliance.globalnetlink.com>; Mon, 26 Mar 2001 16:18:01 -0600[] 
 []


Overfull \hbox (36.29022pt too wide) in paragraph at lines 122--122
[]   \T1/fvm/m/n/10 by nic.cafax.se (8.12.0.Beta6/8.12.0.Beta5) id f2QLSJVM018917[] 
 []


Overfull \hbox (56.75836pt too wide) in paragraph at lines 123--123
[]   \T1/fvm/m/n/10 for ietf-provreg-outgoing; Mon, 26 Mar 2001 23:28:19 +0200 (MEST)[] 
 []


Overfull \hbox (82.34354pt too wide) in paragraph at lines 124--124
[]\T1/fvm/m/n/10 Received: from is1-55.antd.nist.gov (is1-50.antd.nist.gov [129.6.50.251])[] 
 []


Overfull \hbox (92.5776pt too wide) in paragraph at lines 125--125
[]   \T1/fvm/m/n/10 by nic.cafax.se (8.12.0.Beta5/8.12.0.Beta5) with ESMTP id f2QLSGiM018912[] 
 []


Overfull \hbox (66.99243pt too wide) in paragraph at lines 126--126
[]   \T1/fvm/m/n/10 for <ietf-provreg@cafax.se>; Mon, 26 Mar 2001 23:28:17 +0200 (MEST)[] 
 []


Overfull \hbox (31.17319pt too wide) in paragraph at lines 127--127
[]\T1/fvm/m/n/10 Received: from barnacle (barnacle.antd.nist.gov [129.6.55.185])[] 
 []


Overfull \hbox (26.05615pt too wide) in paragraph at lines 128--128
[]   \T1/fvm/m/n/10 by is1-55.antd.nist.gov (8.9.3/8.9.3) with SMTP id QAA07174[] 
 []


Overfull \hbox (61.8754pt too wide) in paragraph at lines 129--129
[]   \T1/fvm/m/n/10 for <ietf-provreg@cafax.se>; Mon, 26 Mar 2001 16:28:14 -0500 (EST)[] 
 []


Overfull \hbox (5.58801pt too wide) in paragraph at lines 130--130
[]\T1/fvm/m/n/10 Message-ID: <04f901c0b63b$16570020$b9370681@antd.nist.gov>[] 
 []

[55]
Overfull \hbox (18.95988pt too wide) in paragraph at lines 172--179
\T1/pplj/m/n/10 Rose kepada saya (den-gan ala-mat email budi@alliance.globalnetlink.com). 
 []

[56] [57]

LaTeX Warning: Marginpar on page 58 moved.


Overfull \hbox (2.84984pt too wide) in paragraph at lines 237--241
\T1/pplj/m/n/10 pan. Yang per-tama, dari sisi peng-guna, kita da-pat melakukan enkripsi 
 []

Package mdframed Info: mdframed works in twoside mode on input line 260.
[58]
Package mdframed Info: mdframed works in twoside mode on input line 289.


LaTeX Warning: Marginpar on page 59 moved.

Package mdframed Info: mdframed works in twoside mode on input line 318.

Overfull \hbox (41.40726pt too wide) in paragraph at lines 319--319
[]\T1/fvm/m/n/10 unix$ /usr/sbin/sendmail target@coba.cert.or.id < email-palsu.txt[] 
 []

[59] [60]
Overfull \hbox (2.25984pt too wide) in paragraph at lines 384--389
[]\T1/pplj/m/n/10 Sejarah spam ada be-ber-apa versi. Versi saya adalah se-ba-gai berikut. 
 []

[61]
Overfull \hbox (2.38956pt too wide) in paragraph at lines 430--430
$[]$\T1/pplj/m/n/8 https://en.wikipedia.org/wiki/DNSBL  
 []


LaTeX Warning: Marginpar on page 62 moved.

)

LaTeX Warning: Marginpar on page 62 moved.

[62]
\openout2 = `web.aux'.

 (./web.tex
Chapter 8.

LaTeX Warning: Marginpar on page 63 moved.


LaTeX Warning: Marginpar on page 63 moved.

[63




]

LaTeX Warning: Marginpar on page 64 moved.


LaTeX Warning: Marginpar on page 64 moved.

[64]

LaTeX Warning: Marginpar on page 65 moved.

[65] [66]) [67]
\openout2 = `soceng.aux'.

 (./soceng.tex [68




]
Chapter 9.
[69]

LaTeX Warning: Marginpar on page 70 moved.


LaTeX Warning: Marginpar on page 70 moved.


LaTeX Warning: Marginpar on page 70 moved.

) [70]
\openout2 = `incident.aux'.

 (./incident.tex
Chapter 10.
[71




]

LaTeX Warning: Marginpar on page 72 moved.

[72]

LaTeX Warning: Marginpar on page 73 moved.


pdfTeX warning (ext4): destination with the same identifier (name{cite.mandiaincident}) has been already used, duplicate ignored
<to be read again> 
                   \relax 
l.99 ...alah sebagai berikut~\cite{mandiaincident}
                                                  :

LaTeX Warning: Marginpar on page 73 moved.

[73
pdfTeX warning (ext4): destination with the same identifier (name{cite.mandiaincident}) has been already used, duplicate ignored
<argument> ...shipout:D \box_use:N \l_shipout_box 
                                                  \__shipout_drop_firstpage_...
l.119    \item {
                \bf Follow-up}. Menindaklanjuti hal-hal yang perlu diperhatikan]

LaTeX Warning: Marginpar on page 74 moved.

<graphics/tte.png, id=707, 791.5974pt x 501.072pt>
File: graphics/tte.png Graphic file (type png)
<use graphics/tte.png>
Package pdftex.def Info: graphics/tte.png  used on input line 134.
(pdftex.def)             Requested size: 311.99509pt x 197.48929pt.

Overfull \hbox (6.79507pt too wide) in paragraph at lines 134--137
[][]
 []


Underfull \hbox (badness 10000) in paragraph at lines 134--137

 []

[74 <./graphics/tte.png>]) [75]
\openout2 = `penutup.aux'.

 (./penutup.tex [76




]
Chapter 11.
) [77] (./keamanan.bbl [78



]
Chapter 12.

pdfTeX warning (ext4): destination with the same identifier (name{cite.webbook}) has been already used, duplicate ignored
<to be read again> 
                   \relax 
l.3 \bibitem{webbook}
                     
pdfTeX warning (ext4): destination with the same identifier (name{cite.rfc822}) has been already used, duplicate ignored
<to be read again> 
                   \relax 
l.8 \bibitem{rfc822}
                    
pdfTeX warning (ext4): destination with the same identifier (name{cite.RFC2068}) has been already used, duplicate ignored
<to be read again> 
                   \relax 
l.12 \bibitem{RFC2068}
                      
pdfTeX warning (ext4): destination with the same identifier (name{cite.sp800-84}) has been already used, duplicate ignored
<to be read again> 
                   \relax 
l.16 \bibitem{sp800-84}
                       
pdfTeX warning (ext4): destination with the same identifier (name{cite.davidkahn}) has been already used, duplicate ignored
<to be read again> 
                   \relax 
l.20 \bibitem{davidkahn}
                        
pdfTeX warning (ext4): destination with the same identifier (name{cite.levycrypto}) has been already used, duplicate ignored
<to be read again> 
                   \relax 
l.25 \bibitem{levycrypto}
                         
pdfTeX warning (ext4): destination with the same identifier (name{cite.mandiaincident}) has been already used, duplicate ignored
<to be read again> 
                   \relax 
l.30 \bibitem{mandiaincident}
                             
pdfTeX warning (ext4): destination with the same identifier (name{cite.mitnickdeception}) has been already used, duplicate ignored
<to be read again> 
                   \relax 
l.35 \bibitem{mitnickdeception}
                               
pdfTeX warning (ext4): destination with the same identifier (name{cite.BRsecuresoftware}) has been already used, duplicate ignored
<to be read again> 
                   \relax 
l.40 \bibitem{BRsecuresoftware}
                               
pdfTeX warning (ext4): destination with the same identifier (name{cite.brwannacry}) has been already used, duplicate ignored
<to be read again> 
                   \relax 
l.45 \bibitem{brwannacry}
                         
pdfTeX warning (ext4): destination with the same identifier (name{cite.MD5}) has been already used, duplicate ignored
<to be read again> 
                   \relax 
l.49 \bibitem{MD5}
                  
pdfTeX warning (ext4): destination with the same identifier (name{cite.takedown}) has been already used, duplicate ignored
<to be read again> 
                   \relax 
l.53 \bibitem{takedown}
                       ) [79] [80

] [81

] [82]
\openout2 = `tcpdump.aux'.

 (./tcpdump.tex
Appendix A.
) (/usr/local/texlive/2024/texmf-dist/tex/generic/stringenc/se-pdfdoc.def
File: se-pdfdoc.def 2019/11/29 v1.12 stringenc: PDFDocEncoding
) (/usr/local/texlive/2024/texmf-dist/tex/generic/stringenc/se-utf8.def
File: se-utf8.def 2019/11/29 v1.12 stringenc: UTF-8
) [83


] (./keamanan.aux (./pengantar.aux) (./pendahuluan.aux) (./prinsip.aux) (./crypto.aux) (./hash.aux) (./DNS.aux) (./pgp.aux) (./email.aux) (./web.aux) (./soceng.aux) (./incident.aux) (./penutup.aux) (./tcpdump.aux))
 ***********
LaTeX2e <2023-11-01> patch level 1
L3 programming layer <2024-02-20>
 ***********
Package rerunfilecheck Info: File `keamanan.out' has not changed.
(rerunfilecheck)             Checksum: BC48AF8D3E1C96F683D65974B79E0F35;6356.
 ) 
Here is how much of TeX's memory you used:
 19749 strings out of 474116
 313466 string characters out of 5743682
 2000187 words of memory out of 5000000
 41301 multiletter control sequences out of 15000+600000
 669164 words of font info for 167 fonts, out of 8000000 for 9000
 1141 hyphenation exceptions out of 8191
 97i,12n,101p,901b,2562s stack positions out of 10000i,1000n,20000p,200000b,200000s
</usr/local/texlive/2024/texmf-dist/fonts/type1/public/amsfonts/cm/cmr10.pfb></usr/local/texlive/2024/texmf-dist/fonts/type1/public/amsfonts/cm/cmsy10.pfb></usr/local/texlive/2024/texmf-dist/fonts/type1/public/fpl/fplbj8a.pfb></usr/local/texlive/2024/texmf-dist/fonts/type1/public/fpl/fplrc8a.pfb></usr/local/texlive/2024/texmf-dist/fonts/type1/public/fpl/fplrij8a.pfb></usr/local/texlive/2024/texmf-dist/fonts/type1/public/bera/fvmb8a.pfb></usr/local/texlive/2024/texmf-dist/fonts/type1/public/bera/fvmr8a.pfb></usr/local/texlive/2024/texmf-dist/fonts/type1/public/bera/fvmro8a.pfb></usr/local/texlive/2024/texmf-dist/fonts/type1/urw/helvetic/uhvr8a.pfb></usr/local/texlive/2024/texmf-dist/fonts/type1/urw/palatino/uplb8a.pfb></usr/local/texlive/2024/texmf-dist/fonts/type1/urw/palatino/uplr8a.pfb></usr/local/texlive/2024/texmf-dist/fonts/type1/urw/palatino/uplri8a.pfb>
Output written on keamanan.pdf (83 pages, 1840821 bytes).
PDF statistics:
 868 PDF objects out of 1000 (max. 8388607)
 723 compressed objects within 8 object streams
 272 named destinations out of 1000 (max. 500000)
 5034 words of extra memory for PDF output out of 10000 (max. 10000000)

